<?xml version="1.0" encoding="utf-8"?><testsuites name="pytest tests"><testsuite name="pytest" errors="0" failures="0" skipped="0" tests="18" time="6.496" timestamp="2026-07-20T09:06:30.007247+00:00" hostname="agent-env-77560235-fb34-440b-b064-9dff0eea9aab"><testcase classname="tests.backend_test_iteration2.TestUpload" name="test_upload_requires_auth" time="0.192" /><testcase classname="tests.backend_test_iteration2.TestRegression" name="test_root" time="0.253" /><testcase classname="tests.backend_test_iteration2.TestRegression" name="test_categories" time="0.263" /><testcase classname="tests.backend_test_iteration2.TestRegression" name="test_services_list" time="0.086" /><testcase classname="tests.backend_test_iteration2.TestUpload" name="test_upload_success_and_download" time="1.312" /><testcase classname="tests.backend_test_iteration2.TestRegression" name="test_admin_dashboard" time="0.904" /><testcase classname="tests.backend_test_iteration2.TestUpload" name="test_upload_rejects_non_image" time="0.088" /><testcase classname="tests.backend_test_iteration2.TestRegression" name="test_coupon_validate" time="0.087" /><testcase classname="tests.backend_test_iteration2.TestUpload" name="test_upload_rejects_oversize" time="0.350" /><testcase classname="tests.backend_test_iteration2.TestRegression" name="test_notifications" time="0.343" /><testcase classname="tests.backend_test_iteration2.TestRegression" name="test_contact" time="0.079" /><testcase classname="tests.backend_test_iteration2.TestUpload" name="test_download_nonexistent" time="0.118" /><testcase classname="tests.backend_test_iteration2.TestPasswordReset" name="test_forgot_and_reset_flow" time="1.457" /><testcase classname="tests.backend_test_iteration2.TestSearch" name="test_services_search_ac" time="0.256" /><testcase classname="tests.backend_test_iteration2.TestSearch" name="test_services_search_no_match" time="0.086" /><testcase classname="tests.backend_test_iteration2.TestPasswordReset" name="test_forgot_unknown_email_returns_ok" time="0.077" /><testcase classname="tests.backend_test_iteration2.TestEmailLogs" name="test_welcome_email_logged_on_register" time="1.315" /><testcase classname="tests.backend_test_iteration2.TestEmailLogs" name="test_booking_confirmation_email_logged" time="1.145" /></testsuite></testsuites>