<?xml version="1.0" encoding="utf-8"?><testsuites name="pytest tests"><testsuite name="pytest" errors="0" failures="0" skipped="0" tests="38" time="6.543" timestamp="2026-07-20T08:04:29.891471+00:00" hostname="agent-env-77560235-fb34-440b-b064-9dff0eea9aab"><testcase classname="tests.backend_test.TestMisc" name="test_contact_submit" time="0.654" /><testcase classname="tests.backend_test.TestBookingFlow" name="test_create_booking_cash_with_coupon" time="0.735" /><testcase classname="tests.backend_test.TestBookingFlow" name="test_my_bookings" time="0.235" /><testcase classname="tests.backend_test.TestBookingFlow" name="test_get_booking_detail" time="0.062" /><testcase classname="tests.backend_test.TestMisc" name="test_notifications_customer" time="0.427" /><testcase classname="tests.backend_test.TestBookingFlow" name="test_customer_cannot_view_other_booking" time="0.339" /><testcase classname="tests.backend_test.TestMisc" name="test_notifications_admin" time="0.257" /><testcase classname="tests.backend_test.TestMisc" name="test_admin_dashboard" time="0.042" /><testcase classname="tests.backend_test.TestMisc" name="test_customer_dashboard" time="0.079" /><testcase classname="tests.backend_test.TestBookingFlow" name="test_admin_list_all_bookings" time="0.538" /><testcase classname="tests.backend_test.TestMisc" name="test_tech_dashboard" time="0.493" /><testcase classname="tests.backend_test.TestBookingFlow" name="test_admin_assign_technician" time="0.162" /><testcase classname="tests.backend_test.TestMisc" name="test_role_forbidden" time="0.039" /><testcase classname="tests.backend_test.TestAuth" name="test_login_admin" time="0.304" /><testcase classname="tests.backend_test.TestAuth" name="test_login_wrong_password" time="0.485" /><testcase classname="tests.backend_test.TestBookingFlow" name="test_tech_accept" time="0.712" /><testcase classname="tests.backend_test.TestAuth" name="test_me" time="0.076" /><testcase classname="tests.backend_test.TestBookingFlow" name="test_tech_in_progress" time="0.044" /><testcase classname="tests.backend_test.TestBookingFlow" name="test_tech_complete" time="0.048" /><testcase classname="tests.backend_test.TestAuth" name="test_register_new" time="0.394" /><testcase classname="tests.backend_test.TestBookingFlow" name="test_customer_review" time="0.297" /><testcase classname="tests.backend_test.TestBookingFlow" name="test_review_duplicate_blocked" time="0.078" /><testcase classname="tests.backend_test.TestAuth" name="test_register_duplicate" time="0.075" /><testcase classname="tests.backend_test.TestCatalog" name="test_categories" time="0.080" /><testcase classname="tests.backend_test.TestAuth" name="test_change_password_and_revert" time="1.390" /><testcase classname="tests.backend_test.TestCatalog" name="test_services_list" time="0.309" /><testcase classname="tests.backend_test.TestCatalog" name="test_services_search" time="0.487" /><testcase classname="tests.backend_test.TestCatalog" name="test_services_filter_by_category" time="0.549" /><testcase classname="tests.backend_test.TestCatalog" name="test_service_detail" time="0.152" /><testcase classname="tests.backend_test.TestCoupons" name="test_invalid_code" time="0.119" /><testcase classname="tests.backend_test.TestCatalog" name="test_cities" time="0.087" /><testcase classname="tests.backend_test.TestCoupons" name="test_welcome10" time="0.108" /><testcase classname="tests.backend_test.TestHealth" name="test_root" time="0.083" /><testcase classname="tests.backend_test.TestCoupons" name="test_welcome10_max_cap" time="0.097" /><testcase classname="tests.backend_test.TestPayment" name="test_online_booking_checkout_url" time="0.818" /><testcase classname="tests.backend_test.TestCoupons" name="test_welcome10_min_order" time="0.736" /><testcase classname="tests.backend_test.TestCoupons" name="test_mega20" time="0.094" /><testcase classname="tests.backend_test.TestCoupons" name="test_firstbook" time="0.093" /></testsuite></testsuites>