<?xml version="1.0" encoding="utf-8"?><testsuites name="pytest tests"><testsuite name="pytest" errors="0" failures="0" skipped="0" tests="38" time="6.464" timestamp="2026-07-20T09:06:43.865584+00:00" hostname="agent-env-77560235-fb34-440b-b064-9dff0eea9aab"><testcase classname="tests.backend_test.TestMisc" name="test_contact_submit" time="0.669" /><testcase classname="tests.backend_test.TestBookingFlow" name="test_create_booking_cash_with_coupon" time="0.719" /><testcase classname="tests.backend_test.TestBookingFlow" name="test_my_bookings" time="0.263" /><testcase classname="tests.backend_test.TestMisc" name="test_notifications_customer" time="0.341" /><testcase classname="tests.backend_test.TestBookingFlow" name="test_get_booking_detail" time="0.033" /><testcase classname="tests.backend_test.TestMisc" name="test_notifications_admin" time="0.035" /><testcase classname="tests.backend_test.TestBookingFlow" name="test_customer_cannot_view_other_booking" time="0.429" /><testcase classname="tests.backend_test.TestMisc" name="test_admin_dashboard" time="0.045" /><testcase classname="tests.backend_test.TestMisc" name="test_customer_dashboard" time="0.238" /><testcase classname="tests.backend_test.TestMisc" name="test_tech_dashboard" time="0.573" /><testcase classname="tests.backend_test.TestBookingFlow" name="test_admin_list_all_bookings" time="0.501" /><testcase classname="tests.backend_test.TestMisc" name="test_role_forbidden" time="0.074" /><testcase classname="tests.backend_test.TestBookingFlow" name="test_admin_assign_technician" time="0.348" /><testcase classname="tests.backend_test.TestAuth" name="test_login_admin" time="0.316" /><testcase classname="tests.backend_test.TestAuth" name="test_login_wrong_password" time="0.543" /><testcase classname="tests.backend_test.TestBookingFlow" name="test_tech_accept" time="0.542" /><testcase classname="tests.backend_test.TestAuth" name="test_me" time="0.076" /><testcase classname="tests.backend_test.TestBookingFlow" name="test_tech_in_progress" time="0.040" /><testcase classname="tests.backend_test.TestBookingFlow" name="test_tech_complete" time="0.041" /><testcase classname="tests.backend_test.TestAuth" name="test_register_new" time="0.368" /><testcase classname="tests.backend_test.TestBookingFlow" name="test_customer_review" time="0.330" /><testcase classname="tests.backend_test.TestBookingFlow" name="test_review_duplicate_blocked" time="0.080" /><testcase classname="tests.backend_test.TestAuth" name="test_register_duplicate" time="0.128" /><testcase classname="tests.backend_test.TestCatalog" name="test_categories" time="0.073" /><testcase classname="tests.backend_test.TestCatalog" name="test_services_list" time="0.079" /><testcase classname="tests.backend_test.TestAuth" name="test_change_password_and_revert" time="1.371" /><testcase classname="tests.backend_test.TestCatalog" name="test_services_search" time="0.254" /><testcase classname="tests.backend_test.TestCatalog" name="test_services_filter_by_category" time="1.005" /><testcase classname="tests.backend_test.TestCatalog" name="test_service_detail" time="0.148" /><testcase classname="tests.backend_test.TestCoupons" name="test_invalid_code" time="0.076" /><testcase classname="tests.backend_test.TestCoupons" name="test_welcome10" time="0.081" /><testcase classname="tests.backend_test.TestCatalog" name="test_cities" time="0.122" /><testcase classname="tests.backend_test.TestCoupons" name="test_welcome10_max_cap" time="0.123" /><testcase classname="tests.backend_test.TestHealth" name="test_root" time="0.121" /><testcase classname="tests.backend_test.TestCoupons" name="test_welcome10_min_order" time="0.079" /><testcase classname="tests.backend_test.TestPayment" name="test_online_booking_checkout_url" time="0.731" /><testcase classname="tests.backend_test.TestCoupons" name="test_mega20" time="0.723" /><testcase classname="tests.backend_test.TestCoupons" name="test_firstbook" time="0.102" /></testsuite></testsuites>